[08.01.2024] (20:11:31) 
				{
					"timestamp":"1704733891","profileId":"436246fdf1d0f84b5b2ca7e0646aecc9","profileName":"AidenFox","textures":
					{
						"SKIN": {
							"url":"https://foxescraft.ru/uploads/users/AidenFox/skin.png"
						},
						"CAPE": {
							"url":"https://foxescraft.ru/uploads/users/AidenFox/cape.png"
						}
					}
				}
[08.01.2024] (20:14:49) 
				{
					"timestamp":"1704734089","profileId":"dc12967efe1af7e817f62da01e6acbf0","profileName":"12Sensei12","textures":
					{
						"SKIN": {
							"url":"https://foxescraft.ru/uploads/users/12Sensei12/skin.png"
						}
					}
				}
[08.01.2024] (20:37:17) 
				{
					"timestamp":"1704735437","profileId":"6ffad5356d983dfa9120fc7dbf69a254","profileName":"voenkom","textures":
					{
						"SKIN": {
							"url":"https://foxescraft.ru/uploads/users/skin.png"
						}
					}
				}
[08.01.2024] (20:49:20) 
				{
					"timestamp":"1704736160","profileId":"436246fdf1d0f84b5b2ca7e0646aecc9","profileName":"AidenFox","textures":
					{
						"SKIN": {
							"url":"https://foxescraft.ru/uploads/users/AidenFox/skin.png"
						},
						"CAPE": {
							"url":"https://foxescraft.ru/uploads/users/AidenFox/cape.png"
						}
					}
				}
[08.01.2024] (20:55:23) 
				{
					"timestamp":"1704736523","profileId":"6ffad5356d983dfa9120fc7dbf69a254","profileName":"voenkom","textures":
					{
						"SKIN": {
							"url":"https://foxescraft.ru/uploads/users/skin.png"
						}
					}
				}
[08.01.2024] (21:02:39) 
				{
					"timestamp":"1704736959","profileId":"6ffad5356d983dfa9120fc7dbf69a254","profileName":"voenkom","textures":
					{
						"SKIN": {
							"url":"https://foxescraft.ru/uploads/users/skin.png"
						}
					}
				}
[08.01.2024] (21:15:24) 
				{
					"timestamp":"1704737724","profileId":"6ffad5356d983dfa9120fc7dbf69a254","profileName":"voenkom","textures":
					{
						"SKIN": {
							"url":"https://foxescraft.ru/uploads/users/skin.png"
						}
					}
				}
[08.01.2024] (21:39:41) 
				{
					"timestamp":"1704739181","profileId":"436246fdf1d0f84b5b2ca7e0646aecc9","profileName":"AidenFox","textures":
					{
						"SKIN": {
							"url":"https://foxescraft.ru/uploads/users/AidenFox/skin.png"
						},
						"CAPE": {
							"url":"https://foxescraft.ru/uploads/users/AidenFox/cape.png"
						}
					}
				}
[08.01.2024] (21:39:48) 
				{
					"timestamp":"1704739188","profileId":"dc12967efe1af7e817f62da01e6acbf0","profileName":"12Sensei12","textures":
					{
						"SKIN": {
							"url":"https://foxescraft.ru/uploads/users/12Sensei12/skin.png"
						}
					}
				}
[08.01.2024] (21:53:04) 
				{
					"timestamp":"1704739984","profileId":"6ffad5356d983dfa9120fc7dbf69a254","profileName":"voenkom","textures":
					{
						"SKIN": {
							"url":"https://foxescraft.ru/uploads/users/skin.png"
						}
					}
				}
[08.01.2024] (21:57:27) 
				{
					"timestamp":"1704740247","profileId":"91b0497b7bcb0314edfe295ee3b466fe","profileName":"kris10902","textures":
					{
						"SKIN": {
							"url":"https://foxescraft.ru/uploads/users/skin.png"
						}
					}
				}
[08.01.2024] (22:19:08) 
				{
					"timestamp":"1704741548","profileId":"436246fdf1d0f84b5b2ca7e0646aecc9","profileName":"AidenFox","textures":
					{
						"SKIN": {
							"url":"https://foxescraft.ru/uploads/users/AidenFox/skin.png"
						},
						"CAPE": {
							"url":"https://foxescraft.ru/uploads/users/AidenFox/cape.png"
						}
					}
				}
[08.01.2024] (23:06:35) 
				{
					"timestamp":"1704744395","profileId":"436246fdf1d0f84b5b2ca7e0646aecc9","profileName":"AidenFox","textures":
					{
						"SKIN": {
							"url":"https://foxescraft.ru/uploads/users/AidenFox/skin.png"
						},
						"CAPE": {
							"url":"https://foxescraft.ru/uploads/users/AidenFox/cape.png"
						}
					}
				}
[08.01.2024] (23:24:32) SkinLib===
[08.01.2024] (23:24:32) SkinLib is being created with e9829608dd903f6b8bf7cb50746eae78 UUID
[08.01.2024] (23:24:41) SkinLib===
[08.01.2024] (23:24:41) SkinLib is being created with e9829608dd903f6b8bf7cb50746eae78 UUID
[08.01.2024] (23:25:25) SkinLib===
[08.01.2024] (23:25:25) SkinLib is being created with 436246fdf1d0f84b5b2ca7e0646aecc9 UUID
[08.01.2024] (23:25:31) SkinLib===
[08.01.2024] (23:25:31) SkinLib is being created with 436246fdf1d0f84b5b2ca7e0646aecc9 UUID
[08.01.2024] (23:25:32) SkinLib===
[08.01.2024] (23:25:32) SkinLib is being created with 436246fdf1d0f84b5b2ca7e0646aecc9 UUID
[08.01.2024] (23:25:32) SkinLib===
[08.01.2024] (23:25:32) SkinLib is being created with 436246fdf1d0f84b5b2ca7e0646aecc9 UUID
[08.01.2024] (23:25:33) SkinLib===
[08.01.2024] (23:25:33) SkinLib is being created with 436246fdf1d0f84b5b2ca7e0646aecc9 UUID
[08.01.2024] (23:25:33) SkinLib===
[08.01.2024] (23:25:33) SkinLib is being created with 436246fdf1d0f84b5b2ca7e0646aecc9 UUID
[08.01.2024] (23:25:34) SkinLib===
[08.01.2024] (23:25:34) SkinLib is being created with 436246fdf1d0f84b5b2ca7e0646aecc9 UUID
[08.01.2024] (23:25:34) SkinLib===
[08.01.2024] (23:25:34) SkinLib is being created with 436246fdf1d0f84b5b2ca7e0646aecc9 UUID
[08.01.2024] (23:25:35) SkinLib===
[08.01.2024] (23:25:35) SkinLib is being created with 436246fdf1d0f84b5b2ca7e0646aecc9 UUID
[08.01.2024] (23:25:35) SkinLib===
[08.01.2024] (23:25:35) SkinLib is being created with 436246fdf1d0f84b5b2ca7e0646aecc9 UUID
[08.01.2024] (23:25:36) SkinLib===
[08.01.2024] (23:25:36) SkinLib is being created with 436246fdf1d0f84b5b2ca7e0646aecc9 UUID
[08.01.2024] (23:25:36) SkinLib===
[08.01.2024] (23:25:36) SkinLib is being created with 436246fdf1d0f84b5b2ca7e0646aecc9 UUID
[08.01.2024] (23:25:37) SkinLib===
[08.01.2024] (23:25:37) SkinLib is being created with 436246fdf1d0f84b5b2ca7e0646aecc9 UUID
[08.01.2024] (23:25:37) SkinLib===
[08.01.2024] (23:25:37) SkinLib is being created with 436246fdf1d0f84b5b2ca7e0646aecc9 UUID
[08.01.2024] (23:25:37) SkinLib===
[08.01.2024] (23:25:37) SkinLib is being created with 436246fdf1d0f84b5b2ca7e0646aecc9 UUID
[08.01.2024] (23:25:38) SkinLib===
[08.01.2024] (23:25:38) SkinLib is being created with 436246fdf1d0f84b5b2ca7e0646aecc9 UUID
[08.01.2024] (23:25:38) SkinLib===
[08.01.2024] (23:25:38) SkinLib is being created with 436246fdf1d0f84b5b2ca7e0646aecc9 UUID
[08.01.2024] (23:25:39) SkinLib===
[08.01.2024] (23:25:39) SkinLib is being created with 436246fdf1d0f84b5b2ca7e0646aecc9 UUID
[08.01.2024] (23:25:39) SkinLib===
[08.01.2024] (23:25:39) SkinLib is being created with 436246fdf1d0f84b5b2ca7e0646aecc9 UUID
[08.01.2024] (23:25:40) SkinLib===
[08.01.2024] (23:25:40) SkinLib is being created with 436246fdf1d0f84b5b2ca7e0646aecc9 UUID
[08.01.2024] (23:25:40) SkinLib===
[08.01.2024] (23:25:40) SkinLib is being created with 436246fdf1d0f84b5b2ca7e0646aecc9 UUID
[08.01.2024] (23:25:41) SkinLib===
[08.01.2024] (23:25:41) SkinLib is being created with 436246fdf1d0f84b5b2ca7e0646aecc9 UUID
[08.01.2024] (23:25:41) SkinLib===
[08.01.2024] (23:25:41) SkinLib is being created with 436246fdf1d0f84b5b2ca7e0646aecc9 UUID
[08.01.2024] (23:25:42) SkinLib===
[08.01.2024] (23:25:42) SkinLib is being created with 436246fdf1d0f84b5b2ca7e0646aecc9 UUID
[08.01.2024] (23:25:42) SkinLib===
[08.01.2024] (23:25:42) SkinLib is being created with 436246fdf1d0f84b5b2ca7e0646aecc9 UUID
[08.01.2024] (23:31:17) 
				{
					"timestamp":"1704745877","profileId":"436246fdf1d0f84b5b2ca7e0646aecc9","profileName":"AidenFox","textures":
					{
						"SKIN": {
							"url":"https://foxescraft.ru/uploads/users/AidenFox/skin.png"
						},
						"CAPE": {
							"url":"https://foxescraft.ru/uploads/users/AidenFox/cape.png"
						}
					}
				}
[08.01.2024] (23:31:41) 
				{
					"timestamp":"1704745901","profileId":"436246fdf1d0f84b5b2ca7e0646aecc9","profileName":"AidenFox","textures":
					{
						"SKIN": {
							"url":"https://foxescraft.ru/uploads/users/AidenFox/skin.png"
						},
						"CAPE": {
							"url":"https://foxescraft.ru/uploads/users/AidenFox/cape.png"
						}
					}
				}
[08.01.2024] (23:33:01) 
				{
					"timestamp":"1704745981","profileId":"436246fdf1d0f84b5b2ca7e0646aecc9","profileName":"AidenFox","textures":
					{
						"SKIN": {
							"url":"https://foxescraft.ru/uploads/users/AidenFox/skin.png"
						},
						"CAPE": {
							"url":"https://foxescraft.ru/uploads/users/AidenFox/cape.png"
						}
					}
				}
[08.01.2024] (23:47:12) 
				{
					"timestamp":"1704746832","profileId":"a298ae809269c24b5734490a75fb35f6","profileName":"Fixys","textures":
					{
						"SKIN": {
							"url":"https://foxescraft.ru/uploads/users/Fixys/skin.png"
						}
					}
				}
[09.01.2024] (00:01:01) SkinLib===
[09.01.2024] (00:01:01) SkinLib is being created with ce70cb21bf0b3bd8b49c518e018d6a79 UUID
[09.01.2024] (00:01:01) SkinLib===
[09.01.2024] (00:01:01) SkinLib is being created with ce70cb21bf0b3bd8b49c518e018d6a79 UUID
[09.01.2024] (02:01:39) 
				{
					"timestamp":"1704754899","profileId":"a298ae809269c24b5734490a75fb35f6","profileName":"Fixys","textures":
					{
						"SKIN": {
							"url":"https://foxescraft.ru/uploads/users/Fixys/skin.png"
						}
					}
				}
[09.01.2024] (10:05:31) 
				{
					"timestamp":"1704783931","profileId":"91b0497b7bcb0314edfe295ee3b466fe","profileName":"kris10902","textures":
					{
						"SKIN": {
							"url":"https://foxescraft.ru/uploads/users/skin.png"
						}
					}
				}
[09.01.2024] (10:18:56) 
				{
					"timestamp":"1704784736","profileId":"dc12967efe1af7e817f62da01e6acbf0","profileName":"12Sensei12","textures":
					{
						"SKIN": {
							"url":"https://foxescraft.ru/uploads/users/12Sensei12/skin.png"
						}
					}
				}
[09.01.2024] (10:39:38) SkinLib===
[09.01.2024] (10:39:38) SkinLib is being created with 228b54607bed3a0b89027db0f3157c82 UUID
[09.01.2024] (10:39:38) SkinLib===
[09.01.2024] (10:39:38) SkinLib is being created with 228b54607bed3a0b89027db0f3157c82 UUID
[09.01.2024] (10:42:37) SkinLib===
[09.01.2024] (10:42:37) SkinLib is being created with 436246fdf1d0f84b5b2ca7e0646aecc9 UUID
[09.01.2024] (10:42:38) SkinLib===
[09.01.2024] (10:42:38) SkinLib is being created with 436246fdf1d0f84b5b2ca7e0646aecc9 UUID
[09.01.2024] (10:42:38) SkinLib===
[09.01.2024] (10:42:38) SkinLib is being created with 436246fdf1d0f84b5b2ca7e0646aecc9 UUID
[09.01.2024] (10:42:38) SkinLib===
[09.01.2024] (10:42:38) SkinLib is being created with 436246fdf1d0f84b5b2ca7e0646aecc9 UUID
[09.01.2024] (10:45:45) 
				{
					"timestamp":"1704786345","profileId":"436246fdf1d0f84b5b2ca7e0646aecc9","profileName":"AidenFox","textures":
					{
						"SKIN": {
							"url":"https://foxescraft.ru/uploads/users/AidenFox/skin.png"
						},
						"CAPE": {
							"url":"https://foxescraft.ru/uploads/users/AidenFox/cape.png"
						}
					}
				}
[09.01.2024] (10:52:50) SkinLib===
[09.01.2024] (10:52:50) SkinLib is being created with 6ffad5356d983dfa9120fc7dbf69a254 UUID
[09.01.2024] (11:02:46) 
				{
					"timestamp":"1704787366","profileId":"dc12967efe1af7e817f62da01e6acbf0","profileName":"12Sensei12","textures":
					{
						"SKIN": {
							"url":"https://foxescraft.ru/uploads/users/12Sensei12/skin.png"
						}
					}
				}
[09.01.2024] (11:03:28) 
				{
					"timestamp":"1704787408","profileId":"dc12967efe1af7e817f62da01e6acbf0","profileName":"12Sensei12","textures":
					{
						"SKIN": {
							"url":"https://foxescraft.ru/uploads/users/12Sensei12/skin.png"
						}
					}
				}
[09.01.2024] (11:57:50) 
				{
					"timestamp":"1704790670","profileId":"a298ae809269c24b5734490a75fb35f6","profileName":"Fixys","textures":
					{
						"SKIN": {
							"url":"https://foxescraft.ru/uploads/users/Fixys/skin.png"
						}
					}
				}
[09.01.2024] (12:02:22) SkinLib===
[09.01.2024] (12:02:22) SkinLib is being created with ce70cb21bf0b3bd8b49c518e018d6a79 UUID
[09.01.2024] (12:09:04) 
				{
					"timestamp":"1704791344","profileId":"436246fdf1d0f84b5b2ca7e0646aecc9","profileName":"AidenFox","textures":
					{
						"SKIN": {
							"url":"https://foxescraft.ru/uploads/users/AidenFox/skin.png"
						},
						"CAPE": {
							"url":"https://foxescraft.ru/uploads/users/AidenFox/cape.png"
						}
					}
				}
[09.01.2024] (12:12:41) 
				{
					"timestamp":"1704791561","profileId":"436246fdf1d0f84b5b2ca7e0646aecc9","profileName":"AidenFox","textures":
					{
						"SKIN": {
							"url":"https://foxescraft.ru/uploads/users/AidenFox/skin.png"
						},
						"CAPE": {
							"url":"https://foxescraft.ru/uploads/users/AidenFox/cape.png"
						}
					}
				}
[09.01.2024] (12:39:01) SkinLib===
[09.01.2024] (12:39:01) SkinLib is being created with 6ffad5356d983dfa9120fc7dbf69a254 UUID
[09.01.2024] (12:43:14) SkinLib===
[09.01.2024] (12:43:14) SkinLib is being created with 6ffad5356d983dfa9120fc7dbf69a254 UUID
[09.01.2024] (14:18:33) 
				{
					"timestamp":"1704799113","profileId":"436246fdf1d0f84b5b2ca7e0646aecc9","profileName":"AidenFox","textures":
					{
						"SKIN": {
							"url":"https://foxescraft.ru/uploads/users/AidenFox/skin.png"
						},
						"CAPE": {
							"url":"https://foxescraft.ru/uploads/users/AidenFox/cape.png"
						}
					}
				}
[09.01.2024] (14:36:05) 
				{
					"timestamp":"1704800165","profileId":"436246fdf1d0f84b5b2ca7e0646aecc9","profileName":"AidenFox","textures":
					{
						"SKIN": {
							"url":"https://foxescraft.ru/uploads/users/AidenFox/skin.png"
						},
						"CAPE": {
							"url":"https://foxescraft.ru/uploads/users/AidenFox/cape.png"
						}
					}
				}
[09.01.2024] (17:23:01) 
				{
					"timestamp":"1704810181","profileId":"a298ae809269c24b5734490a75fb35f6","profileName":"Fixys","textures":
					{
						"SKIN": {
							"url":"https://foxescraft.ru/uploads/users/Fixys/skin.png"
						}
					}
				}
