2025/04/26 20:54:04 [error] 2113486#2113486: *355629 FastCGI sent in stderr: "PHP message: PHP Fatal error:  Uncaught Error: Access to undeclared static property: init::$sqlQueryHandler in /var/www/FoxCMS/engine/classes/modules/AdminPanel/AdminOptions.class.php:209
Stack trace:
#0 /var/www/FoxCMS/engine/classes/modules/AdminPanel/AdminOptions.class.php(82): AdminOptions->updateUserField()
#1 /var/www/FoxCMS/engine/classes/modules/AdminPanel/AdminPanel.class.php(20): AdminOptions->__construct()
#2 /var/www/FoxCMS/engine/classes/modules/AdminPanel/AdminPanel.class.php(10): AdminPanel->__construct()
#3 /var/www/FoxCMS/engine/ModulesLoader.class.php(95): require_once('/var/www/FoxCMS...')
#4 /var/www/FoxCMS/engine/init.php(89): ModulesLoader->modulesInc()
#5 /var/www/FoxCMS/engine/init.php(43): init->postInit()
#6 /var/www/FoxCMS/index.php(8): init->__construct()
#7 {main}
  thrown in /var/www/FoxCMS/engine/classes/modules/AdminPanel/AdminOptions.class.php on line 209" while reading response header from upstream, client: 109.252.8.60, server: foxescraft.ru, request: "POST / HTTP/1.1", upstream: "fastcgi://unix:/run/php/php7.4-fpm.sock:", host: "foxescraft.ru", referrer: "https://foxescraft.ru/"
2025/04/26 21:19:17 [error] 2113482#2113482: *356297 FastCGI sent in stderr: "PHP message: PHP Fatal error:  Uncaught Error: Call to undefined method db::beginTransaction() in /var/www/FoxCMS/engine/GenericUpdater.class.php:83
Stack trace:
#0 /var/www/FoxCMS/engine/RequestHandler.class.php(47): GenericUpdater->updateData()
#1 /var/www/FoxCMS/engine/RequestHandler.class.php(10): RequestHandler->updateUserOnline()
#2 /var/www/FoxCMS/engine/init.php(65): RequestHandler->__construct()
#3 /var/www/FoxCMS/engine/init.php(41): init->preInit()
#4 /var/www/FoxCMS/index.php(8): init->__construct()
#5 {main}
  thrown in /var/www/FoxCMS/engine/GenericUpdater.class.php on line 83" while reading response header from upstream, client: 94.25.172.132, server: foxescraft.ru, request: "POST / HTTP/1.1", upstream: "fastcgi://unix:/run/php/php7.4-fpm.sock:", host: "foxescraft.ru", referrer: "https://foxescraft.ru/"
2025/04/26 21:19:38 [error] 2113484#2113484: *356798 FastCGI sent in stderr: "PHP message: PHP Fatal error:  Uncaught Error: Call to undefined method db::beginTransaction() in /var/www/FoxCMS/engine/GenericUpdater.class.php:83
Stack trace:
#0 /var/www/FoxCMS/engine/RequestHandler.class.php(47): GenericUpdater->updateData()
#1 /var/www/FoxCMS/engine/RequestHandler.class.php(10): RequestHandler->updateUserOnline()
#2 /var/www/FoxCMS/engine/init.php(65): RequestHandler->__construct()
#3 /var/www/FoxCMS/engine/init.php(41): init->preInit()
#4 /var/www/FoxCMS/index.php(8): init->__construct()
#5 {main}
  thrown in /var/www/FoxCMS/engine/GenericUpdater.class.php on line 83" while reading response header from upstream, client: 109.252.8.60, server: foxescraft.ru, request: "POST / HTTP/1.1", upstream: "fastcgi://unix:/run/php/php7.4-fpm.sock:", host: "foxescraft.ru", referrer: "https://foxescraft.ru/"
2025/04/26 21:19:43 [error] 2113486#2113486: *357024 FastCGI sent in stderr: "PHP message: PHP Fatal error:  Uncaught Error: Call to undefined method db::beginTransaction() in /var/www/FoxCMS/engine/GenericUpdater.class.php:83
Stack trace:
#0 /var/www/FoxCMS/engine/RequestHandler.class.php(47): GenericUpdater->updateData()
#1 /var/www/FoxCMS/engine/RequestHandler.class.php(10): RequestHandler->updateUserOnline()
#2 /var/www/FoxCMS/engine/init.php(65): RequestHandler->__construct()
#3 /var/www/FoxCMS/engine/init.php(41): init->preInit()
#4 /var/www/FoxCMS/index.php(8): init->__construct()
#5 {main}
  thrown in /var/www/FoxCMS/engine/GenericUpdater.class.php on line 83" while reading response header from upstream, client: 109.252.8.60, server: foxescraft.ru, request: "POST / HTTP/1.1", upstream: "fastcgi://unix:/run/php/php7.4-fpm.sock:", host: "foxescraft.ru", referrer: "https://foxescraft.ru/"
2025/04/26 21:19:47 [error] 2113486#2113486: *357024 FastCGI sent in stderr: "PHP message: PHP Fatal error:  Uncaught Error: Call to undefined method db::beginTransaction() in /var/www/FoxCMS/engine/GenericUpdater.class.php:83
Stack trace:
#0 /var/www/FoxCMS/engine/RequestHandler.class.php(47): GenericUpdater->updateData()
#1 /var/www/FoxCMS/engine/RequestHandler.class.php(10): RequestHandler->updateUserOnline()
#2 /var/www/FoxCMS/engine/init.php(65): RequestHandler->__construct()
#3 /var/www/FoxCMS/engine/init.php(41): init->preInit()
#4 /var/www/FoxCMS/index.php(8): init->__construct()
#5 {main}
  thrown in /var/www/FoxCMS/engine/GenericUpdater.class.php on line 83" while reading response header from upstream, client: 109.252.8.60, server: foxescraft.ru, request: "POST / HTTP/1.1", upstream: "fastcgi://unix:/run/php/php7.4-fpm.sock:", host: "foxescraft.ru", referrer: "https://foxescraft.ru/"
2025/04/26 21:19:52 [error] 2113486#2113486: *357024 FastCGI sent in stderr: "PHP message: PHP Fatal error:  Uncaught Error: Call to undefined method db::beginTransaction() in /var/www/FoxCMS/engine/GenericUpdater.class.php:83
Stack trace:
#0 /var/www/FoxCMS/engine/RequestHandler.class.php(47): GenericUpdater->updateData()
#1 /var/www/FoxCMS/engine/RequestHandler.class.php(10): RequestHandler->updateUserOnline()
#2 /var/www/FoxCMS/engine/init.php(65): RequestHandler->__construct()
#3 /var/www/FoxCMS/engine/init.php(41): init->preInit()
#4 /var/www/FoxCMS/index.php(8): init->__construct()
#5 {main}
  thrown in /var/www/FoxCMS/engine/GenericUpdater.class.php on line 83" while reading response header from upstream, client: 109.252.8.60, server: foxescraft.ru, request: "POST / HTTP/1.1", upstream: "fastcgi://unix:/run/php/php7.4-fpm.sock:", host: "foxescraft.ru", referrer: "https://foxescraft.ru/"
2025/04/26 21:19:57 [error] 2113486#2113486: *357024 FastCGI sent in stderr: "PHP message: PHP Fatal error:  Uncaught Error: Call to undefined method db::beginTransaction() in /var/www/FoxCMS/engine/GenericUpdater.class.php:83
Stack trace:
#0 /var/www/FoxCMS/engine/RequestHandler.class.php(47): GenericUpdater->updateData()
#1 /var/www/FoxCMS/engine/RequestHandler.class.php(10): RequestHandler->updateUserOnline()
#2 /var/www/FoxCMS/engine/init.php(65): RequestHandler->__construct()
#3 /var/www/FoxCMS/engine/init.php(41): init->preInit()
#4 /var/www/FoxCMS/index.php(8): init->__construct()
#5 {main}
  thrown in /var/www/FoxCMS/engine/GenericUpdater.class.php on line 83" while reading response header from upstream, client: 109.252.8.60, server: foxescraft.ru, request: "POST / HTTP/1.1", upstream: "fastcgi://unix:/run/php/php7.4-fpm.sock:", host: "foxescraft.ru", referrer: "https://foxescraft.ru/"
2025/04/26 21:20:03 [error] 2113486#2113486: *357024 FastCGI sent in stderr: "PHP message: PHP Fatal error:  Uncaught Error: Call to undefined method db::beginTransaction() in /var/www/FoxCMS/engine/GenericUpdater.class.php:83
Stack trace:
#0 /var/www/FoxCMS/engine/RequestHandler.class.php(47): GenericUpdater->updateData()
#1 /var/www/FoxCMS/engine/RequestHandler.class.php(10): RequestHandler->updateUserOnline()
#2 /var/www/FoxCMS/engine/init.php(65): RequestHandler->__construct()
#3 /var/www/FoxCMS/engine/init.php(41): init->preInit()
#4 /var/www/FoxCMS/index.php(8): init->__construct()
#5 {main}
  thrown in /var/www/FoxCMS/engine/GenericUpdater.class.php on line 83" while reading response header from upstream, client: 109.252.8.60, server: foxescraft.ru, request: "POST / HTTP/1.1", upstream: "fastcgi://unix:/run/php/php7.4-fpm.sock:", host: "foxescraft.ru", referrer: "https://foxescraft.ru/"
2025/04/26 21:25:17 [error] 2113482#2113482: *356297 FastCGI sent in stderr: "PHP message: PHP Fatal error:  Cannot declare class GenericSelector, because the name is already in use in /var/www/FoxCMS/engine/classes/GenericPDO/GenericSelector.class.php on line 0" while reading response header from upstream, client: 94.25.172.132, server: foxescraft.ru, request: "POST / HTTP/1.1", upstream: "fastcgi://unix:/run/php/php7.4-fpm.sock:", host: "foxescraft.ru", referrer: "https://foxescraft.ru/"
2025/04/26 21:25:22 [error] 2113484#2113484: *356798 FastCGI sent in stderr: "PHP message: PHP Fatal error:  Cannot declare class GenericSelector, because the name is already in use in /var/www/FoxCMS/engine/classes/GenericPDO/GenericSelector.class.php on line 0" while reading response header from upstream, client: 109.252.8.60, server: foxescraft.ru, request: "POST / HTTP/1.1", upstream: "fastcgi://unix:/run/php/php7.4-fpm.sock:", host: "foxescraft.ru", referrer: "https://foxescraft.ru/"
2025/04/26 21:25:23 [error] 2113484#2113484: *356798 FastCGI sent in stderr: "PHP message: PHP Fatal error:  Cannot declare class GenericSelector, because the name is already in use in /var/www/FoxCMS/engine/classes/GenericPDO/GenericSelector.class.php on line 0" while reading response header from upstream, client: 109.252.8.60, server: foxescraft.ru, request: "POST / HTTP/1.1", upstream: "fastcgi://unix:/run/php/php7.4-fpm.sock:", host: "foxescraft.ru", referrer: "https://foxescraft.ru/"
2025/04/26 21:25:24 [error] 2113484#2113484: *356798 FastCGI sent in stderr: "PHP message: PHP Fatal error:  Cannot declare class GenericSelector, because the name is already in use in /var/www/FoxCMS/engine/classes/GenericPDO/GenericSelector.class.php on line 0" while reading response header from upstream, client: 109.252.8.60, server: foxescraft.ru, request: "GET / HTTP/1.1", upstream: "fastcgi://unix:/run/php/php7.4-fpm.sock:", host: "foxescraft.ru"
2025/04/26 21:32:52 [error] 2113487#2113487: *357214 FastCGI sent in stderr: "PHP message: PHP Fatal error:  Uncaught TypeError: Argument 2 passed to AdminOptions::selectUsers() must be of the type array, string given, called in /var/www/FoxCMS/engine/classes/modules/AdminPanel/AdminOptions.class.php on line 150 and defined in /var/www/FoxCMS/engine/classes/modules/AdminPanel/AdminOptions.class.php:254
Stack trace:
#0 /var/www/FoxCMS/engine/classes/modules/AdminPanel/AdminOptions.class.php(150): AdminOptions->selectUsers()
#1 /var/www/FoxCMS/engine/classes/modules/AdminPanel/AdminPanel.class.php(20): AdminOptions->__construct()
#2 /var/www/FoxCMS/engine/classes/modules/AdminPanel/AdminPanel.class.php(10): AdminPanel->__construct()
#3 /var/www/FoxCMS/engine/ModulesLoader.class.php(95): require_once('/var/www/FoxCMS...')
#4 /var/www/FoxCMS/engine/init.php(90): ModulesLoader->modulesInc()
#5 /var/www/FoxCMS/engine/init.php(43): init->postInit()
#6 /var/www/FoxCMS/index.php(8): init->__construct()
#7 {main}
  thrown in /var/www/FoxCMS/engine/classes/modules/AdminPanel/AdminOpti" while reading response header from upstream, client: 109.252.8.60, server: foxescraft.ru, request: "POST / HTTP/1.1", upstream: "fastcgi://unix:/run/php/php7.4-fpm.sock:", host: "foxescraft.ru", referrer: "https://foxescraft.ru/"
2025/04/26 21:32:54 [error] 2113487#2113487: *357214 FastCGI sent in stderr: "PHP message: PHP Fatal error:  Uncaught TypeError: Argument 2 passed to AdminOptions::selectUsers() must be of the type array, string given, called in /var/www/FoxCMS/engine/classes/modules/AdminPanel/AdminOptions.class.php on line 150 and defined in /var/www/FoxCMS/engine/classes/modules/AdminPanel/AdminOptions.class.php:254
Stack trace:
#0 /var/www/FoxCMS/engine/classes/modules/AdminPanel/AdminOptions.class.php(150): AdminOptions->selectUsers()
#1 /var/www/FoxCMS/engine/classes/modules/AdminPanel/AdminPanel.class.php(20): AdminOptions->__construct()
#2 /var/www/FoxCMS/engine/classes/modules/AdminPanel/AdminPanel.class.php(10): AdminPanel->__construct()
#3 /var/www/FoxCMS/engine/ModulesLoader.class.php(95): require_once('/var/www/FoxCMS...')
#4 /var/www/FoxCMS/engine/init.php(90): ModulesLoader->modulesInc()
#5 /var/www/FoxCMS/engine/init.php(43): init->postInit()
#6 /var/www/FoxCMS/index.php(8): init->__construct()
#7 {main}
  thrown in /var/www/FoxCMS/engine/classes/modules/AdminPanel/AdminOpti" while reading response header from upstream, client: 109.252.8.60, server: foxescraft.ru, request: "POST / HTTP/1.1", upstream: "fastcgi://unix:/run/php/php7.4-fpm.sock:", host: "foxescraft.ru", referrer: "https://foxescraft.ru/"
2025/04/26 21:33:04 [error] 2113488#2113488: *357290 FastCGI sent in stderr: "PHP message: PHP Fatal error:  Uncaught TypeError: Argument 2 passed to AdminOptions::selectUsers() must be of the type array, string given, called in /var/www/FoxCMS/engine/classes/modules/AdminPanel/AdminOptions.class.php on line 150 and defined in /var/www/FoxCMS/engine/classes/modules/AdminPanel/AdminOptions.class.php:254
Stack trace:
#0 /var/www/FoxCMS/engine/classes/modules/AdminPanel/AdminOptions.class.php(150): AdminOptions->selectUsers()
#1 /var/www/FoxCMS/engine/classes/modules/AdminPanel/AdminPanel.class.php(20): AdminOptions->__construct()
#2 /var/www/FoxCMS/engine/classes/modules/AdminPanel/AdminPanel.class.php(10): AdminPanel->__construct()
#3 /var/www/FoxCMS/engine/ModulesLoader.class.php(95): require_once('/var/www/FoxCMS...')
#4 /var/www/FoxCMS/engine/init.php(90): ModulesLoader->modulesInc()
#5 /var/www/FoxCMS/engine/init.php(43): init->postInit()
#6 /var/www/FoxCMS/index.php(8): init->__construct()
#7 {main}
  thrown in /var/www/FoxCMS/engine/classes/modules/AdminPanel/AdminOpti" while reading response header from upstream, client: 109.252.8.60, server: foxescraft.ru, request: "POST / HTTP/1.1", upstream: "fastcgi://unix:/run/php/php7.4-fpm.sock:", host: "foxescraft.ru", referrer: "https://foxescraft.ru/"
2025/04/26 21:33:04 [error] 2113488#2113488: *357290 FastCGI sent in stderr: "PHP message: PHP Fatal error:  Uncaught TypeError: Argument 2 passed to AdminOptions::selectUsers() must be of the type array, string given, called in /var/www/FoxCMS/engine/classes/modules/AdminPanel/AdminOptions.class.php on line 150 and defined in /var/www/FoxCMS/engine/classes/modules/AdminPanel/AdminOptions.class.php:254
Stack trace:
#0 /var/www/FoxCMS/engine/classes/modules/AdminPanel/AdminOptions.class.php(150): AdminOptions->selectUsers()
#1 /var/www/FoxCMS/engine/classes/modules/AdminPanel/AdminPanel.class.php(20): AdminOptions->__construct()
#2 /var/www/FoxCMS/engine/classes/modules/AdminPanel/AdminPanel.class.php(10): AdminPanel->__construct()
#3 /var/www/FoxCMS/engine/ModulesLoader.class.php(95): require_once('/var/www/FoxCMS...')
#4 /var/www/FoxCMS/engine/init.php(90): ModulesLoader->modulesInc()
#5 /var/www/FoxCMS/engine/init.php(43): init->postInit()
#6 /var/www/FoxCMS/index.php(8): init->__construct()
#7 {main}
  thrown in /var/www/FoxCMS/engine/classes/modules/AdminPanel/AdminOpti" while reading response header from upstream, client: 109.252.8.60, server: foxescraft.ru, request: "POST / HTTP/1.1", upstream: "fastcgi://unix:/run/php/php7.4-fpm.sock:", host: "foxescraft.ru", referrer: "https://foxescraft.ru/"
2025/04/26 21:34:48 [error] 2113488#2113488: *357290 FastCGI sent in stderr: "PHP message: PHP Fatal error:  Uncaught TypeError: Argument 2 passed to AdminOptions::selectUsers() must be of the type array, string given, called in /var/www/FoxCMS/engine/classes/modules/AdminPanel/AdminOptions.class.php on line 150 and defined in /var/www/FoxCMS/engine/classes/modules/AdminPanel/AdminOptions.class.php:254
Stack trace:
#0 /var/www/FoxCMS/engine/classes/modules/AdminPanel/AdminOptions.class.php(150): AdminOptions->selectUsers()
#1 /var/www/FoxCMS/engine/classes/modules/AdminPanel/AdminPanel.class.php(20): AdminOptions->__construct()
#2 /var/www/FoxCMS/engine/classes/modules/AdminPanel/AdminPanel.class.php(10): AdminPanel->__construct()
#3 /var/www/FoxCMS/engine/ModulesLoader.class.php(95): require_once('/var/www/FoxCMS...')
#4 /var/www/FoxCMS/engine/init.php(90): ModulesLoader->modulesInc()
#5 /var/www/FoxCMS/engine/init.php(43): init->postInit()
#6 /var/www/FoxCMS/index.php(8): init->__construct()
#7 {main}
  thrown in /var/www/FoxCMS/engine/classes/modules/AdminPanel/AdminOpti" while reading response header from upstream, client: 109.252.8.60, server: foxescraft.ru, request: "POST / HTTP/1.1", upstream: "fastcgi://unix:/run/php/php7.4-fpm.sock:", host: "foxescraft.ru", referrer: "https://foxescraft.ru/"
2025/04/26 21:34:48 [error] 2113488#2113488: *357290 FastCGI sent in stderr: "PHP message: PHP Fatal error:  Uncaught TypeError: Argument 2 passed to AdminOptions::selectUsers() must be of the type array, string given, called in /var/www/FoxCMS/engine/classes/modules/AdminPanel/AdminOptions.class.php on line 150 and defined in /var/www/FoxCMS/engine/classes/modules/AdminPanel/AdminOptions.class.php:254
Stack trace:
#0 /var/www/FoxCMS/engine/classes/modules/AdminPanel/AdminOptions.class.php(150): AdminOptions->selectUsers()
#1 /var/www/FoxCMS/engine/classes/modules/AdminPanel/AdminPanel.class.php(20): AdminOptions->__construct()
#2 /var/www/FoxCMS/engine/classes/modules/AdminPanel/AdminPanel.class.php(10): AdminPanel->__construct()
#3 /var/www/FoxCMS/engine/ModulesLoader.class.php(95): require_once('/var/www/FoxCMS...')
#4 /var/www/FoxCMS/engine/init.php(90): ModulesLoader->modulesInc()
#5 /var/www/FoxCMS/engine/init.php(43): init->postInit()
#6 /var/www/FoxCMS/index.php(8): init->__construct()
#7 {main}
  thrown in /var/www/FoxCMS/engine/classes/modules/AdminPanel/AdminOpti" while reading response header from upstream, client: 109.252.8.60, server: foxescraft.ru, request: "POST / HTTP/1.1", upstream: "fastcgi://unix:/run/php/php7.4-fpm.sock:", host: "foxescraft.ru", referrer: "https://foxescraft.ru/"
2025/04/26 21:34:48 [error] 2113488#2113488: *357290 FastCGI sent in stderr: "PHP message: PHP Fatal error:  Uncaught TypeError: Argument 2 passed to AdminOptions::selectUsers() must be of the type array, string given, called in /var/www/FoxCMS/engine/classes/modules/AdminPanel/AdminOptions.class.php on line 150 and defined in /var/www/FoxCMS/engine/classes/modules/AdminPanel/AdminOptions.class.php:254
Stack trace:
#0 /var/www/FoxCMS/engine/classes/modules/AdminPanel/AdminOptions.class.php(150): AdminOptions->selectUsers()
#1 /var/www/FoxCMS/engine/classes/modules/AdminPanel/AdminPanel.class.php(20): AdminOptions->__construct()
#2 /var/www/FoxCMS/engine/classes/modules/AdminPanel/AdminPanel.class.php(10): AdminPanel->__construct()
#3 /var/www/FoxCMS/engine/ModulesLoader.class.php(95): require_once('/var/www/FoxCMS...')
#4 /var/www/FoxCMS/engine/init.php(90): ModulesLoader->modulesInc()
#5 /var/www/FoxCMS/engine/init.php(43): init->postInit()
#6 /var/www/FoxCMS/index.php(8): init->__construct()
#7 {main}
  thrown in /var/www/FoxCMS/engine/classes/modules/AdminPanel/AdminOpti" while reading response header from upstream, client: 109.252.8.60, server: foxescraft.ru, request: "POST / HTTP/1.1", upstream: "fastcgi://unix:/run/php/php7.4-fpm.sock:", host: "foxescraft.ru", referrer: "https://foxescraft.ru/"
2025/04/26 21:36:04 [error] 2113488#2113488: *357290 FastCGI sent in stderr: "PHP message: PHP Fatal error:  Uncaught TypeError: Argument 2 passed to AdminOptions::selectUsers() must be of the type array, string given, called in /var/www/FoxCMS/engine/classes/modules/AdminPanel/AdminOptions.class.php on line 150 and defined in /var/www/FoxCMS/engine/classes/modules/AdminPanel/AdminOptions.class.php:254
Stack trace:
#0 /var/www/FoxCMS/engine/classes/modules/AdminPanel/AdminOptions.class.php(150): AdminOptions->selectUsers()
#1 /var/www/FoxCMS/engine/classes/modules/AdminPanel/AdminPanel.class.php(20): AdminOptions->__construct()
#2 /var/www/FoxCMS/engine/classes/modules/AdminPanel/AdminPanel.class.php(10): AdminPanel->__construct()
#3 /var/www/FoxCMS/engine/ModulesLoader.class.php(95): require_once('/var/www/FoxCMS...')
#4 /var/www/FoxCMS/engine/init.php(90): ModulesLoader->modulesInc()
#5 /var/www/FoxCMS/engine/init.php(43): init->postInit()
#6 /var/www/FoxCMS/index.php(8): init->__construct()
#7 {main}
  thrown in /var/www/FoxCMS/engine/classes/modules/AdminPanel/AdminOpti" while reading response header from upstream, client: 109.252.8.60, server: foxescraft.ru, request: "POST / HTTP/1.1", upstream: "fastcgi://unix:/run/php/php7.4-fpm.sock:", host: "foxescraft.ru", referrer: "https://foxescraft.ru/"
2025/04/26 21:36:05 [error] 2113488#2113488: *357290 FastCGI sent in stderr: "PHP message: PHP Fatal error:  Uncaught TypeError: Argument 2 passed to AdminOptions::selectUsers() must be of the type array, string given, called in /var/www/FoxCMS/engine/classes/modules/AdminPanel/AdminOptions.class.php on line 150 and defined in /var/www/FoxCMS/engine/classes/modules/AdminPanel/AdminOptions.class.php:254
Stack trace:
#0 /var/www/FoxCMS/engine/classes/modules/AdminPanel/AdminOptions.class.php(150): AdminOptions->selectUsers()
#1 /var/www/FoxCMS/engine/classes/modules/AdminPanel/AdminPanel.class.php(20): AdminOptions->__construct()
#2 /var/www/FoxCMS/engine/classes/modules/AdminPanel/AdminPanel.class.php(10): AdminPanel->__construct()
#3 /var/www/FoxCMS/engine/ModulesLoader.class.php(95): require_once('/var/www/FoxCMS...')
#4 /var/www/FoxCMS/engine/init.php(90): ModulesLoader->modulesInc()
#5 /var/www/FoxCMS/engine/init.php(43): init->postInit()
#6 /var/www/FoxCMS/index.php(8): init->__construct()
#7 {main}
  thrown in /var/www/FoxCMS/engine/classes/modules/AdminPanel/AdminOpti" while reading response header from upstream, client: 109.252.8.60, server: foxescraft.ru, request: "POST / HTTP/1.1", upstream: "fastcgi://unix:/run/php/php7.4-fpm.sock:", host: "foxescraft.ru", referrer: "https://foxescraft.ru/"
2025/04/26 21:36:06 [error] 2113488#2113488: *357290 FastCGI sent in stderr: "PHP message: PHP Fatal error:  Uncaught TypeError: Argument 2 passed to AdminOptions::selectUsers() must be of the type array, string given, called in /var/www/FoxCMS/engine/classes/modules/AdminPanel/AdminOptions.class.php on line 150 and defined in /var/www/FoxCMS/engine/classes/modules/AdminPanel/AdminOptions.class.php:254
Stack trace:
#0 /var/www/FoxCMS/engine/classes/modules/AdminPanel/AdminOptions.class.php(150): AdminOptions->selectUsers()
#1 /var/www/FoxCMS/engine/classes/modules/AdminPanel/AdminPanel.class.php(20): AdminOptions->__construct()
#2 /var/www/FoxCMS/engine/classes/modules/AdminPanel/AdminPanel.class.php(10): AdminPanel->__construct()
#3 /var/www/FoxCMS/engine/ModulesLoader.class.php(95): require_once('/var/www/FoxCMS...')
#4 /var/www/FoxCMS/engine/init.php(90): ModulesLoader->modulesInc()
#5 /var/www/FoxCMS/engine/init.php(43): init->postInit()
#6 /var/www/FoxCMS/index.php(8): init->__construct()
#7 {main}
  thrown in /var/www/FoxCMS/engine/classes/modules/AdminPanel/AdminOpti" while reading response header from upstream, client: 109.252.8.60, server: foxescraft.ru, request: "POST / HTTP/1.1", upstream: "fastcgi://unix:/run/php/php7.4-fpm.sock:", host: "foxescraft.ru", referrer: "https://foxescraft.ru/"
2025/04/26 21:36:06 [error] 2113488#2113488: *357290 FastCGI sent in stderr: "PHP message: PHP Fatal error:  Uncaught TypeError: Argument 2 passed to AdminOptions::selectUsers() must be of the type array, string given, called in /var/www/FoxCMS/engine/classes/modules/AdminPanel/AdminOptions.class.php on line 150 and defined in /var/www/FoxCMS/engine/classes/modules/AdminPanel/AdminOptions.class.php:254
Stack trace:
#0 /var/www/FoxCMS/engine/classes/modules/AdminPanel/AdminOptions.class.php(150): AdminOptions->selectUsers()
#1 /var/www/FoxCMS/engine/classes/modules/AdminPanel/AdminPanel.class.php(20): AdminOptions->__construct()
#2 /var/www/FoxCMS/engine/classes/modules/AdminPanel/AdminPanel.class.php(10): AdminPanel->__construct()
#3 /var/www/FoxCMS/engine/ModulesLoader.class.php(95): require_once('/var/www/FoxCMS...')
#4 /var/www/FoxCMS/engine/init.php(90): ModulesLoader->modulesInc()
#5 /var/www/FoxCMS/engine/init.php(43): init->postInit()
#6 /var/www/FoxCMS/index.php(8): init->__construct()
#7 {main}
  thrown in /var/www/FoxCMS/engine/classes/modules/AdminPanel/AdminOpti" while reading response header from upstream, client: 109.252.8.60, server: foxescraft.ru, request: "POST / HTTP/1.1", upstream: "fastcgi://unix:/run/php/php7.4-fpm.sock:", host: "foxescraft.ru", referrer: "https://foxescraft.ru/"
2025/04/27 01:10:54 [crit] 2113481#2113481: *360967 SSL_do_handshake() failed (SSL: error:0A00006C:SSL routines::bad key share) while SSL handshaking, client: 107.189.19.172, server: 0.0.0.0:443
2025/04/27 01:11:38 [crit] 2113481#2113481: *360969 SSL_do_handshake() failed (SSL: error:0A00006C:SSL routines::bad key share) while SSL handshaking, client: 5.181.27.147, server: 0.0.0.0:443
2025/04/27 05:00:01 [crit] 2136932#2136932: *361242 SSL_do_handshake() failed (SSL: error:0A00006C:SSL routines::bad key share) while SSL handshaking, client: 142.93.146.140, server: 0.0.0.0:443
2025/04/27 09:21:18 [error] 2136930#2136930: *362183 FastCGI sent in stderr: "PHP message: PHP Fatal error:  Uncaught Error: Call to undefined method AdminOptions::select() in /var/www/FoxCMS/engine/classes/modules/AdminPanel/AdminOptions.class.php:150
Stack trace:
#0 /var/www/FoxCMS/engine/classes/modules/AdminPanel/AdminPanel.class.php(20): AdminOptions->__construct()
#1 /var/www/FoxCMS/engine/classes/modules/AdminPanel/AdminPanel.class.php(10): AdminPanel->__construct()
#2 /var/www/FoxCMS/engine/ModulesLoader.class.php(95): require_once('/var/www/FoxCMS...')
#3 /var/www/FoxCMS/engine/init.php(90): ModulesLoader->modulesInc()
#4 /var/www/FoxCMS/engine/init.php(43): init->postInit()
#5 /var/www/FoxCMS/index.php(8): init->__construct()
#6 {main}
  thrown in /var/www/FoxCMS/engine/classes/modules/AdminPanel/AdminOptions.class.php on line 150" while reading response header from upstream, client: 109.252.8.60, server: foxescraft.ru, request: "POST / HTTP/1.1", upstream: "fastcgi://unix:/run/php/php7.4-fpm.sock:", host: "foxescraft.ru", referrer: "https://foxescraft.ru/"
