[02.04.2022] (19:50:20) Engine init!
[02.04.2022] (19:50:20) AidenFox successfuly authorised
[02.04.2022] (19:52:44) Engine init!
[02.04.2022] (19:52:44) AidenFox successfuly authorised
[02.04.2022] (20:53:29) Engine init!
[02.04.2022] (20:53:29) AidenFox successfuly authorised
[02.04.2022] (22:38:42) Engine init!
[02.04.2022] (22:38:42) AidenFox successfuly authorised
[02.04.2022] (23:13:59) Engine init!
[02.04.2022] (23:13:59) ggg failed authorisation with password ggwp
[02.04.2022] (23:14:04) Engine init!
[02.04.2022] (23:14:04) ggg failed authorisation with password ggwp
[02.04.2022] (23:14:07) Engine init!
[02.04.2022] (23:14:07) ggg failed authorisation with password ggwp
[02.04.2022] (23:16:15) Engine init!
[02.04.2022] (23:16:15) ggg failed authorisation with password ggwp
[02.04.2022] (23:16:33) Engine init!
[02.04.2022] (23:16:33) ggg failed authorisation with password ggwp
[02.04.2022] (23:16:34) Engine init!
[02.04.2022] (23:16:34) ggg failed authorisation with password ggwp
[02.04.2022] (23:18:41) Engine init!
[02.04.2022] (23:18:41) ggg failed authorisation with password ggwp
[02.04.2022] (23:18:43) Engine init!
[02.04.2022] (23:18:43) ggg failed authorisation with password ggwp
[02.04.2022] (23:18:44) Engine init!
[02.04.2022] (23:18:44) ggg failed authorisation with password ggwp
[02.04.2022] (23:18:44) Engine init!
[02.04.2022] (23:18:44) ggg failed authorisation with password ggwp
[02.04.2022] (23:18:45) Engine init!
[02.04.2022] (23:18:45) ggg failed authorisation with password ggwp
[02.04.2022] (23:18:46) Engine init!
[02.04.2022] (23:18:46) ggg failed authorisation with password ggwp
[02.04.2022] (23:18:47) Engine init!
[02.04.2022] (23:18:47) ggg failed authorisation with password ggwp
[02.04.2022] (23:18:48) Engine init!
[02.04.2022] (23:18:48) ggg failed authorisation with password ggwp
[02.04.2022] (23:18:50) Engine init!
[02.04.2022] (23:18:50) ggg failed authorisation with password ggwp
[02.04.2022] (23:20:58) Engine init!
[02.04.2022] (23:20:58) AidenFox successfuly authorised
[02.04.2022] (23:35:18) Engine init!
[02.04.2022] (23:35:18) AidenFox successfuly authorised
[03.04.2022] (00:32:31) Engine init!
[03.04.2022] (00:32:31) AidenFox successfuly authorised
[03.04.2022] (01:13:39) Engine init!
[03.04.2022] (01:13:39) AidenFox failed authorisation with password AidenFox25563
[03.04.2022] (01:13:44) Engine init!
[03.04.2022] (01:13:44) AidenFox successfuly authorised
[03.04.2022] (10:14:48) Engine init!
[03.04.2022] (10:14:48) AidenFox successfuly authorised
[03.04.2022] (10:29:42) Engine init!
[03.04.2022] (10:29:55) Engine init!
[03.04.2022] (10:30:20) Engine init!
[03.04.2022] (10:30:21) Engine init!
[03.04.2022] (10:30:21) Engine init!
[03.04.2022] (10:30:34) Engine init!
[03.04.2022] (10:30:34) AidenFox successfuly authorised
[03.04.2022] (10:50:12) Engine init!
[03.04.2022] (10:50:12) ghghgh failed authorisation with password Ciz-CW7-vpG-Mxq
[03.04.2022] (10:50:13) Engine init!
[03.04.2022] (10:50:13) ghghgh failed authorisation with password Ciz-CW7-vpG-Mxq
[03.04.2022] (10:50:14) Engine init!
[03.04.2022] (10:50:14) ghghgh failed authorisation with password Ciz-CW7-vpG-Mxq
[03.04.2022] (10:50:15) Engine init!
[03.04.2022] (10:50:15) ghghgh failed authorisation with password Ciz-CW7-vpG-Mxq
[03.04.2022] (10:50:16) Engine init!
[03.04.2022] (10:50:16) ghghgh failed authorisation with password Ciz-CW7-vpG-Mxq
[03.04.2022] (10:50:17) Engine init!
[03.04.2022] (10:50:17) ghghgh failed authorisation with password Ciz-CW7-vpG-Mxq
[03.04.2022] (10:50:18) Engine init!
[03.04.2022] (10:50:18) ghghgh failed authorisation with password Ciz-CW7-vpG-Mxq
[03.04.2022] (10:50:19) Engine init!
[03.04.2022] (10:50:19) ghghgh failed authorisation with password Ciz-CW7-vpG-Mxq
[03.04.2022] (10:50:21) Engine init!
[03.04.2022] (10:50:21) ghghgh failed authorisation with password Ciz-CW7-vpG-Mxq
[03.04.2022] (10:50:22) Engine init!
[03.04.2022] (10:50:22) ghghgh failed authorisation with password Ciz-CW7-vpG-Mxq
[03.04.2022] (10:50:23) Engine init!
[03.04.2022] (10:50:23) ghghgh failed authorisation with password Ciz-CW7-vpG-Mxq
[03.04.2022] (10:50:24) Engine init!
[03.04.2022] (10:50:24) ghghgh failed authorisation with password Ciz-CW7-vpG-Mxq
[03.04.2022] (10:50:25) Engine init!
[03.04.2022] (10:50:25) ghghgh failed authorisation with password Ciz-CW7-vpG-Mxq
[03.04.2022] (10:50:26) Engine init!
[03.04.2022] (10:50:26) ghghgh failed authorisation with password Ciz-CW7-vpG-Mxq
[03.04.2022] (10:50:27) Engine init!
[03.04.2022] (10:50:27) ghghgh failed authorisation with password Ciz-CW7-vpG-Mxq
[03.04.2022] (10:50:28) Engine init!
[03.04.2022] (10:50:28) ghghgh failed authorisation with password Ciz-CW7-vpG-Mxq
[03.04.2022] (10:50:29) Engine init!
[03.04.2022] (10:50:29) ghghgh failed authorisation with password Ciz-CW7-vpG-Mxq
[03.04.2022] (10:50:31) Engine init!
[03.04.2022] (10:50:31) ghghgh failed authorisation with password Ciz-CW7-vpG-Mxq
[03.04.2022] (10:50:33) Engine init!
[03.04.2022] (10:50:33) ghghgh failed authorisation with password Ciz-CW7-vpG-Mxq
[03.04.2022] (10:50:34) Engine init!
[03.04.2022] (10:50:34) ghghgh failed authorisation with password Ciz-CW7-vpG-Mxq
[03.04.2022] (10:50:34) Engine init!
[03.04.2022] (10:50:34) ghghgh failed authorisation with password Ciz-CW7-vpG-Mxq
[03.04.2022] (10:50:35) Engine init!
[03.04.2022] (10:50:35) ghghgh failed authorisation with password Ciz-CW7-vpG-Mxq
[03.04.2022] (10:50:36) Engine init!
[03.04.2022] (10:50:36) ghghgh failed authorisation with password Ciz-CW7-vpG-Mxq
[03.04.2022] (10:50:36) Engine init!
[03.04.2022] (10:50:36) ghghgh failed authorisation with password Ciz-CW7-vpG-Mxq
[03.04.2022] (10:50:37) Engine init!
[03.04.2022] (10:50:37) ghghgh failed authorisation with password Ciz-CW7-vpG-Mxq
[03.04.2022] (10:50:37) Engine init!
[03.04.2022] (10:50:37) ghghgh failed authorisation with password Ciz-CW7-vpG-Mxq
[03.04.2022] (10:50:38) Engine init!
[03.04.2022] (10:50:38) ghghgh failed authorisation with password Ciz-CW7-vpG-Mxq
[03.04.2022] (10:50:39) Engine init!
[03.04.2022] (10:50:39) ghghgh failed authorisation with password Ciz-CW7-vpG-Mxq
[03.04.2022] (10:50:39) Engine init!
[03.04.2022] (10:50:39) ghghgh failed authorisation with password Ciz-CW7-vpG-Mxq
[03.04.2022] (10:50:40) Engine init!
[03.04.2022] (10:50:40) ghghgh failed authorisation with password Ciz-CW7-vpG-Mxq
[03.04.2022] (10:50:40) Engine init!
[03.04.2022] (10:50:40) ghghgh failed authorisation with password Ciz-CW7-vpG-Mxq
[03.04.2022] (10:50:41) Engine init!
[03.04.2022] (10:50:41) ghghgh failed authorisation with password Ciz-CW7-vpG-Mxq
[03.04.2022] (10:50:42) Engine init!
[03.04.2022] (10:50:42) ghghgh failed authorisation with password Ciz-CW7-vpG-Mxq
[03.04.2022] (10:50:42) Engine init!
[03.04.2022] (10:50:42) ghghgh failed authorisation with password Ciz-CW7-vpG-Mxq
[03.04.2022] (10:50:43) Engine init!
[03.04.2022] (10:50:43) ghghgh failed authorisation with password Ciz-CW7-vpG-Mxq
[03.04.2022] (10:50:44) Engine init!
[03.04.2022] (10:50:44) ghghgh failed authorisation with password Ciz-CW7-vpG-Mxq
[03.04.2022] (10:50:44) Engine init!
[03.04.2022] (10:50:44) ghghgh failed authorisation with password Ciz-CW7-vpG-Mxq
[03.04.2022] (10:50:45) Engine init!
[03.04.2022] (10:50:45) ghghgh failed authorisation with password Ciz-CW7-vpG-Mxq
[03.04.2022] (10:50:45) Engine init!
[03.04.2022] (10:50:45) ghghgh failed authorisation with password Ciz-CW7-vpG-Mxq
[03.04.2022] (10:50:46) Engine init!
[03.04.2022] (10:50:46) ghghgh failed authorisation with password Ciz-CW7-vpG-Mxq
[03.04.2022] (10:50:47) Engine init!
[03.04.2022] (10:50:47) ghghgh failed authorisation with password Ciz-CW7-vpG-Mxq
[03.04.2022] (10:50:47) Engine init!
[03.04.2022] (10:50:47) ghghgh failed authorisation with password Ciz-CW7-vpG-Mxq
[03.04.2022] (10:50:48) Engine init!
[03.04.2022] (10:50:48) ghghgh failed authorisation with password Ciz-CW7-vpG-Mxq
[03.04.2022] (11:37:48) Engine init!
[03.04.2022] (11:37:53) Engine init!
[03.04.2022] (11:37:53) ggg failed authorisation with password ggwp
[03.04.2022] (11:37:55) Engine init!
[03.04.2022] (11:37:55) ggg failed authorisation with password ggwp
[03.04.2022] (11:37:56) Engine init!
[03.04.2022] (11:37:56) ggg failed authorisation with password ggwp
[03.04.2022] (11:37:57) Engine init!
[03.04.2022] (11:37:57) ggg failed authorisation with password ggwp
[03.04.2022] (11:37:58) Engine init!
[03.04.2022] (11:37:58) ggg failed authorisation with password ggwp
[03.04.2022] (11:37:59) Engine init!
[03.04.2022] (11:37:59) ggg failed authorisation with password ggwp
[03.04.2022] (11:38:00) Engine init!
[03.04.2022] (11:38:00) ggg failed authorisation with password ggwp
[03.04.2022] (11:38:03) Engine init!
[03.04.2022] (11:38:03) ggg failed authorisation with password ggwp
[03.04.2022] (11:38:04) Engine init!
[03.04.2022] (11:38:04) ggg failed authorisation with password ggwp
[03.04.2022] (11:38:05) Engine init!
[03.04.2022] (11:38:05) ggg failed authorisation with password ggwp
[03.04.2022] (11:38:06) Engine init!
[03.04.2022] (11:38:06) ggg failed authorisation with password ggwp
[03.04.2022] (11:38:07) Engine init!
[03.04.2022] (11:38:07) ggg failed authorisation with password ggwp
[03.04.2022] (11:38:08) Engine init!
[03.04.2022] (11:38:08) ggg failed authorisation with password ggwp
[03.04.2022] (11:38:09) Engine init!
[03.04.2022] (11:38:09) ggg failed authorisation with password ggwp
[03.04.2022] (11:38:10) Engine init!
[03.04.2022] (11:38:10) ggg failed authorisation with password ggwp
[03.04.2022] (11:38:11) Engine init!
[03.04.2022] (11:38:11) ggg failed authorisation with password ggwp
[03.04.2022] (11:38:13) Engine init!
[03.04.2022] (11:38:13) ggg failed authorisation with password ggwp
[03.04.2022] (11:38:14) Engine init!
[03.04.2022] (11:38:14) ggg failed authorisation with password ggwp
[03.04.2022] (11:38:15) Engine init!
[03.04.2022] (11:38:15) ggg failed authorisation with password ggwp
[03.04.2022] (11:38:16) Engine init!
[03.04.2022] (11:38:16) ggg failed authorisation with password ggwp
[03.04.2022] (11:38:17) Engine init!
[03.04.2022] (11:38:17) ggg failed authorisation with password ggwp
[03.04.2022] (11:38:17) Engine init!
[03.04.2022] (11:38:17) ggg failed authorisation with password ggwp
[03.04.2022] (11:38:18) Engine init!
[03.04.2022] (11:38:18) ggg failed authorisation with password ggwp
[03.04.2022] (11:38:19) Engine init!
[03.04.2022] (11:38:19) ggg failed authorisation with password ggwp
[03.04.2022] (11:38:33) Engine init!
[03.04.2022] (11:38:33) ggg failed authorisation with password ggwp
[03.04.2022] (11:46:59) Engine init!
[03.04.2022] (11:47:02) Engine init!
[03.04.2022] (11:47:10) Engine init!
[03.04.2022] (11:47:18) Engine init!
[03.04.2022] (11:47:35) Engine init!
[03.04.2022] (11:47:35) Trying to register user 'Tress'
[03.04.2022] (11:47:41) Engine init!
[03.04.2022] (11:47:41) Trying to register user 'Tress'
[03.04.2022] (11:51:03) Engine init!
[03.04.2022] (11:51:03) Trying to register user 'AidenFox'
[03.04.2022] (11:51:48) Engine init!
[03.04.2022] (11:51:48) Trying to register user 'AidenFox'
[03.04.2022] (12:07:51) Engine init!
[03.04.2022] (12:07:51) Привети failed authorisation with password Ciz-CW7-vpG-Mxq
[03.04.2022] (12:07:57) Engine init!
[03.04.2022] (12:07:57) Привети failed authorisation with password Ciz-CW7-vpG-Mxq
[03.04.2022] (12:08:48) Engine init!
[03.04.2022] (12:08:48) AidenFox successfuly authorised
[03.04.2022] (12:12:22) Engine init!
[03.04.2022] (12:12:22) AidenFox successfuly authorised
[03.04.2022] (12:13:09) Engine init!
[03.04.2022] (12:13:09) AidenFox successfuly authorised
[03.04.2022] (12:14:14) Engine init!
[03.04.2022] (12:14:14) AidenFox successfuly authorised
[03.04.2022] (12:14:58) Engine init!
[03.04.2022] (12:14:58) AidenFox successfuly authorised
[03.04.2022] (12:14:58) Engine init!
[03.04.2022] (12:14:58) AidenFox successfuly authorised
[03.04.2022] (12:14:59) Engine init!
[03.04.2022] (12:14:59) AidenFox successfuly authorised
[03.04.2022] (12:15:00) Engine init!
[03.04.2022] (12:15:00) AidenFox successfuly authorised
[03.04.2022] (12:15:00) Engine init!
[03.04.2022] (12:15:00) AidenFox successfuly authorised
[03.04.2022] (12:25:56) Engine init!
[03.04.2022] (12:26:00) Engine init!
[03.04.2022] (12:26:11) Engine init!
[03.04.2022] (12:38:55) Engine init!
[03.04.2022] (12:38:55) AidenFox successfuly authorised
[03.04.2022] (12:42:56) Engine init!
[03.04.2022] (12:42:56) AidenFox successfuly authorised
[03.04.2022] (12:43:04) Engine init!
[03.04.2022] (12:43:04) AidenFox successfuly authorised
[03.04.2022] (12:43:07) Engine init!
[03.04.2022] (12:43:07) AidenFox successfuly authorised
[03.04.2022] (12:43:10) Engine init!
[03.04.2022] (12:43:10) AidenFox successfuly authorised
[03.04.2022] (12:45:07) Engine init!
[03.04.2022] (12:45:07) AidenFox successfuly authorised
[03.04.2022] (12:45:09) Engine init!
[03.04.2022] (12:45:10) Engine init!
[03.04.2022] (12:45:10) Engine init!
[03.04.2022] (12:45:11) Engine init!
[03.04.2022] (12:45:11) Engine init!
[03.04.2022] (12:45:12) Engine init!
[03.04.2022] (12:47:14) Engine init!
[03.04.2022] (12:47:14) AidenFox successfuly authorised
[03.04.2022] (12:49:40) Engine init!
[03.04.2022] (12:49:40) AidenFox successfuly authorised
[03.04.2022] (12:50:50) Engine init!
[03.04.2022] (12:50:50) Trying to register user 'AidenFox'
[03.04.2022] (13:17:25) Engine init!
[03.04.2022] (13:17:25) AidenFox successfuly authorised
[03.04.2022] (14:14:36) Engine init!
[03.04.2022] (14:14:36) AidenFox successfuly authorised
